[14:19:23] [main/INFO]: Loaded 0 recipes
[14:19:23] [Server thread/INFO]: Starting minecraft server version 1.13.2
[14:19:23] [Server thread/INFO]: Loading properties
[14:19:23] [Server thread/WARN]: resource-pack-hash is deprecated and found along side resource-pack-sha1. resource-pack-hash will be ignored.
[14:19:23] [Server thread/INFO]: Default game type: ADVENTURE
[14:19:23] [Server thread/INFO]: This server is running CraftBukkit version git-Spigot-1a3504a-84f3da3 (MC: 1.13.2) (Implementing API version 1.13.2-R0.1-SNAPSHOT)
[14:19:24] [Server thread/INFO]: Debug logging is disabled
[14:19:24] [Server thread/WARN]: Ignoring invalid stats.forced-stats achievement.openInventory
[14:19:24] [Server thread/INFO]: Using 4 threads for Netty based IO
[14:19:24] [Server thread/INFO]: Server Ping Player Sample Count: 12
[14:19:24] [Server thread/INFO]: Generating keypair
[14:19:24] [Server thread/INFO]: Starting Minecraft server on *:25565
[14:19:24] [Server thread/INFO]: Using default channel type
[14:19:32] [Server thread/INFO]: Got request to register class com.sk89q.worldedit.bukkit.BukkitServerInterface with WorldEdit [com.sk89q.worldedit.extension.platform.PlatformManager@d6f87f9]
[14:19:32] [Server thread/INFO]: WEPIF: Using the Bukkit Permissions API.
[14:19:32] [Server thread/INFO]: Using com.sk89q.worldedit.bukkit.adapter.impl.FAWE_Spigot_v1_13_R2 as the Bukkit adapter
[14:19:33] [Server thread/WARN]: Failed to find properties for minecraft:__reserved__
[14:19:33] [Server thread/INFO]: Ignoring invalid block minecraft:acacia_sign
[14:19:33] [Server thread/INFO]: Ignoring invalid block minecraft:acacia_wall_sign
[14:19:33] [Server thread/INFO]: Ignoring invalid block minecraft:andesite_slab
[14:19:33] [Server thread/INFO]: Ignoring invalid block minecraft:andesite_stairs
[14:19:33] [Server thread/INFO]: Ignoring invalid block minecraft:andesite_wall
[14:19:33] [Server thread/INFO]: Ignoring invalid block minecraft:bamboo
[14:19:33] [Server thread/INFO]: Ignoring invalid block minecraft:bamboo_sapling
[14:19:33] [Server thread/INFO]: Ignoring invalid block minecraft:barrel
[14:19:33] [Server thread/INFO]: Ignoring invalid block minecraft:bee_nest
[14:19:33] [Server thread/INFO]: Ignoring invalid block minecraft:beehive
[14:19:33] [Server thread/INFO]: Ignoring invalid block minecraft:bell
[14:19:33] [Server thread/INFO]: Ignoring invalid block minecraft:birch_sign
[14:19:33] [Server thread/INFO]: Ignoring invalid block minecraft:birch_wall_sign
[14:19:33] [Server thread/INFO]: Ignoring invalid block minecraft:blast_furnace
[14:19:33] [Server thread/INFO]: Ignoring invalid block minecraft:brick_wall
[14:19:33] [Server thread/INFO]: Ignoring invalid block minecraft:campfire
[14:19:33] [Server thread/INFO]: Ignoring invalid block minecraft:cartography_table
[14:19:33] [Server thread/INFO]: Ignoring invalid block minecraft:composter
[14:19:33] [Server thread/INFO]: Ignoring invalid block minecraft:cornflower
[14:19:33] [Server thread/INFO]: Ignoring invalid block minecraft:cut_red_sandstone_slab
[14:19:33] [Server thread/INFO]: Ignoring invalid block minecraft:cut_sandstone_slab
[14:19:33] [Server thread/INFO]: Ignoring invalid block minecraft:dark_oak_sign
[14:19:33] [Server thread/INFO]: Ignoring invalid block minecraft:dark_oak_wall_sign
[14:19:33] [Server thread/INFO]: Ignoring invalid block minecraft:diorite_slab
[14:19:33] [Server thread/INFO]: Ignoring invalid block minecraft:diorite_stairs
[14:19:33] [Server thread/INFO]: Ignoring invalid block minecraft:diorite_wall
[14:19:33] [Server thread/INFO]: Ignoring invalid block minecraft:end_stone_brick_slab
[14:19:33] [Server thread/INFO]: Ignoring invalid block minecraft:end_stone_brick_stairs
[14:19:33] [Server thread/INFO]: Ignoring invalid block minecraft:end_stone_brick_wall
[14:19:33] [Server thread/INFO]: Ignoring invalid block minecraft:fletching_table
[14:19:33] [Server thread/INFO]: Ignoring invalid block minecraft:granite_slab
[14:19:33] [Server thread/INFO]: Ignoring invalid block minecraft:granite_stairs
[14:19:33] [Server thread/INFO]: Ignoring invalid block minecraft:granite_wall
[14:19:33] [Server thread/INFO]: Ignoring invalid block minecraft:grindstone
[14:19:33] [Server thread/INFO]: Ignoring invalid block minecraft:jigsaw
[14:19:33] [Server thread/INFO]: Ignoring invalid block minecraft:jungle_sign
[14:19:33] [Server thread/INFO]: Ignoring invalid block minecraft:jungle_wall_sign
[14:19:33] [Server thread/INFO]: Ignoring invalid block minecraft:lantern
[14:19:33] [Server thread/INFO]: Ignoring invalid block minecraft:lectern
[14:19:33] [Server thread/INFO]: Ignoring invalid block minecraft:lily_of_the_valley
[14:19:33] [Server thread/INFO]: Ignoring invalid block minecraft:loom
[14:19:33] [Server thread/INFO]: Ignoring invalid block minecraft:mossy_cobblestone_slab
[14:19:33] [Server thread/INFO]: Ignoring invalid block minecraft:mossy_cobblestone_stairs
[14:19:33] [Server thread/INFO]: Ignoring invalid block minecraft:mossy_stone_brick_slab
[14:19:33] [Server thread/INFO]: Ignoring invalid block minecraft:mossy_stone_brick_stairs
[14:19:33] [Server thread/INFO]: Ignoring invalid block minecraft:mossy_stone_brick_wall
[14:19:33] [Server thread/INFO]: Ignoring invalid block minecraft:nether_brick_wall
[14:19:33] [Server thread/INFO]: Ignoring invalid block minecraft:oak_sign
[14:19:33] [Server thread/INFO]: Ignoring invalid block minecraft:oak_wall_sign
[14:19:33] [Server thread/INFO]: Ignoring invalid block minecraft:polished_andesite_slab
[14:19:33] [Server thread/INFO]: Ignoring invalid block minecraft:polished_andesite_stairs
[14:19:33] [Server thread/INFO]: Ignoring invalid block minecraft:polished_diorite_slab
[14:19:33] [Server thread/INFO]: Ignoring invalid block minecraft:polished_diorite_stairs
[14:19:33] [Server thread/INFO]: Ignoring invalid block minecraft:polished_granite_slab
[14:19:33] [Server thread/INFO]: Ignoring invalid block minecraft:polished_granite_stairs
[14:19:33] [Server thread/INFO]: Ignoring invalid block minecraft:potted_bamboo
[14:19:33] [Server thread/INFO]: Ignoring invalid block minecraft:potted_cornflower
[14:19:33] [Server thread/INFO]: Ignoring invalid block minecraft:potted_lily_of_the_valley
[14:19:33] [Server thread/INFO]: Ignoring invalid block minecraft:potted_wither_rose
[14:19:33] [Server thread/INFO]: Ignoring invalid block minecraft:prismarine_wall
[14:19:33] [Server thread/INFO]: Ignoring invalid block minecraft:red_nether_brick_slab
[14:19:33] [Server thread/INFO]: Ignoring invalid block minecraft:red_nether_brick_stairs
[14:19:33] [Server thread/INFO]: Ignoring invalid block minecraft:red_nether_brick_wall
[14:19:33] [Server thread/INFO]: Ignoring invalid block minecraft:red_sandstone_wall
[14:19:33] [Server thread/INFO]: Ignoring invalid block minecraft:sandstone_wall
[14:19:33] [Server thread/INFO]: Ignoring invalid block minecraft:scaffolding
[14:19:33] [Server thread/INFO]: Ignoring invalid block minecraft:smithing_table
[14:19:33] [Server thread/INFO]: Ignoring invalid block minecraft:smoker
[14:19:33] [Server thread/INFO]: Ignoring invalid block minecraft:smooth_quartz_slab
[14:19:33] [Server thread/INFO]: Ignoring invalid block minecraft:smooth_quartz_stairs
[14:19:33] [Server thread/INFO]: Ignoring invalid block minecraft:smooth_red_sandstone_slab
[14:19:33] [Server thread/INFO]: Ignoring invalid block minecraft:smooth_red_sandstone_stairs
[14:19:33] [Server thread/INFO]: Ignoring invalid block minecraft:smooth_sandstone_slab
[14:19:33] [Server thread/INFO]: Ignoring invalid block minecraft:smooth_sandstone_stairs
[14:19:33] [Server thread/INFO]: Ignoring invalid block minecraft:smooth_stone_slab
[14:19:33] [Server thread/INFO]: Ignoring invalid block minecraft:spruce_sign
[14:19:33] [Server thread/INFO]: Ignoring invalid block minecraft:spruce_wall_sign
[14:19:33] [Server thread/INFO]: Ignoring invalid block minecraft:stone_brick_wall
[14:19:33] [Server thread/INFO]: Ignoring invalid block minecraft:stone_stairs
[14:19:33] [Server thread/INFO]: Ignoring invalid block minecraft:stonecutter
[14:19:33] [Server thread/INFO]: Ignoring invalid block minecraft:sweet_berry_bush
[14:19:33] [Server thread/INFO]: Ignoring invalid block minecraft:wither_rose
[14:19:33] [Server thread/WARN]: Unknown block: minecraft:oak_sign[rotation=0]
[14:19:33] [Server thread/WARN]: Unknown block: minecraft:oak_sign[rotation=1]
[14:19:33] [Server thread/WARN]: Unknown block: minecraft:oak_sign[rotation=2]
[14:19:33] [Server thread/WARN]: Unknown block: minecraft:oak_sign[rotation=3]
[14:19:33] [Server thread/WARN]: Unknown block: minecraft:oak_sign[rotation=4]
[14:19:33] [Server thread/WARN]: Unknown block: minecraft:oak_sign[rotation=5]
[14:19:33] [Server thread/WARN]: Unknown block: minecraft:oak_sign[rotation=6]
[14:19:33] [Server thread/WARN]: Unknown block: minecraft:oak_sign[rotation=7]
[14:19:33] [Server thread/WARN]: Unknown block: minecraft:oak_sign[rotation=8]
[14:19:33] [Server thread/WARN]: Unknown block: minecraft:oak_sign[rotation=9]
[14:19:33] [Server thread/WARN]: Unknown block: minecraft:oak_sign[rotation=10]
[14:19:33] [Server thread/WARN]: Unknown block: minecraft:oak_sign[rotation=11]
[14:19:33] [Server thread/WARN]: Unknown block: minecraft:oak_sign[rotation=12]
[14:19:33] [Server thread/WARN]: Unknown block: minecraft:oak_sign[rotation=13]
[14:19:33] [Server thread/WARN]: Unknown block: minecraft:oak_sign[rotation=14]
[14:19:33] [Server thread/WARN]: Unknown block: minecraft:oak_sign[rotation=15]
[14:19:33] [Server thread/WARN]: Unknown block: minecraft:oak_wall_sign
[14:19:33] [Server thread/WARN]: Unknown block: minecraft:oak_wall_sign[facing=north]
[14:19:33] [Server thread/WARN]: Unknown block: minecraft:oak_wall_sign[facing=south]
[14:19:33] [Server thread/WARN]: Unknown block: minecraft:oak_wall_sign[facing=west]
[14:19:33] [Server thread/WARN]: Unknown block: minecraft:oak_wall_sign[facing=east]
[14:19:33] [Server thread/WARN]: Unknown block: minecraft:oak_wall_sign[facing=north]
[14:19:33] [Server thread/WARN]: Unknown block: minecraft:oak_wall_sign[facing=south]
[14:19:33] [Server thread/WARN]: Unknown block: minecraft:oak_wall_sign[facing=west]
[14:19:33] [Server thread/WARN]: Unknown block: minecraft:oak_wall_sign[facing=east]
[14:19:33] [Server thread/WARN]: Unknown item: minecraft:red_dye
[14:19:33] [Server thread/WARN]: Unknown item: minecraft:green_dye
[14:19:33] [Server thread/WARN]: Unknown item: minecraft:yellow_dye
[14:19:33] [Server thread/WARN]: [WorldEdit] ====================================================
[14:19:33] [Server thread/WARN]: [WorldEdit]  WorldEdit works better if you use Paper 
[14:19:33] [Server thread/WARN]: [WorldEdit]  as your server software. 
[14:19:33] [Server thread/WARN]: [WorldEdit]   
[14:19:33] [Server thread/WARN]: [WorldEdit]  Paper offers significant performance improvements,
[14:19:33] [Server thread/WARN]: [WorldEdit]  bug fixes, security enhancements and optional
[14:19:33] [Server thread/WARN]: [WorldEdit]  features for server owners to enhance their server.
[14:19:33] [Server thread/WARN]: [WorldEdit]   
[14:19:33] [Server thread/WARN]: [WorldEdit]  Paper includes Timings v2, which is significantly
[14:19:33] [Server thread/WARN]: [WorldEdit]  better at diagnosing lag problems over v1.
[14:19:33] [Server thread/WARN]: [WorldEdit]   
[14:19:33] [Server thread/WARN]: [WorldEdit]  All of your plugins should still work, and the
[14:19:33] [Server thread/WARN]: [WorldEdit]  Paper community will gladly help you fix any issues.
[14:19:33] [Server thread/WARN]: [WorldEdit]   
[14:19:33] [Server thread/WARN]: [WorldEdit]  Join the Paper Community @ https://papermc.io
[14:19:33] [Server thread/WARN]: [WorldEdit] ====================================================
[14:19:34] [Server thread/INFO]: [WorldEdit] Loading WorldEdit v1.15-28;dce9e54
[14:19:34] [Server thread/INFO]: [FastAsyncWorldEdit] Loading FastAsyncWorldEdit v1.14
[14:19:34] [Server thread/INFO]: [ProtocolLib] Loading ProtocolLib v4.5.0
[14:19:34] [Server thread/INFO]: [BKCommonLib] Loading BKCommonLib v1.13.2-v4-SNAPSHOT
[14:19:40] [Server thread/INFO]: [LightCleaner] Loading LightCleaner v1.13.2-v1-SNAPSHOT
[14:19:40] [Server thread/INFO]: [Spiritcraft] Loading Spiritcraft v1.0.0
[14:19:40] [Server thread/INFO]: [ProtocolLib] Enabling ProtocolLib v4.5.0
[14:19:40] [Server thread/INFO]: [ProtocolLib] Started structure compiler thread.
[14:19:40] [Server thread/INFO]: [BKCommonLib] Enabling BKCommonLib v1.13.2-v4-SNAPSHOT
[14:19:41] [Server thread/INFO]: [BKCommonLib] BKCommonLib is running on Spigot (git-Spigot-1a3504a-84f3da3) : v1_13_R2 (Minecraft 1.13.2)
[14:19:41] [Server thread/INFO]: [BKCommonLib] [Network] Now using the ProtocolLib library to provide Packet Listener and Monitor support
[14:19:43] [Server thread/INFO]: [BKCommonLib] No Bukkit moderators were harmed while compiling this piece of art.
[14:19:43] [Server thread/INFO]: [BKCommonLib] BKCommonLib version 1.13.2-v4-SNAPSHOT (build: 535) enabled! (2.685s)
[14:19:43] [Server thread/WARN]: **** SERVER IS RUNNING IN OFFLINE/INSECURE MODE!
[14:19:43] [Server thread/WARN]: The server will make no attempt to authenticate usernames. Beware.
[14:19:43] [Server thread/WARN]: While this makes the game possible to play without internet access, it also opens up the ability for hackers to connect with any username they choose.
[14:19:43] [Server thread/WARN]: To change this, set "online-mode" to "true" in the server.properties file.
[14:19:43] [Server thread/INFO]: Preparing level "spirit_lobby"
[14:19:43] [Server thread/INFO]: Reloading ResourceManager: Default, bukkit
[14:19:44] [Server thread/INFO]: Loaded 524 recipes
[14:19:45] [Server thread/INFO]: Registering commands with com.sk89q.worldedit.bukkit.BukkitServerInterface
[14:19:46] [Server thread/INFO]: Preparing start region for level minecraft:overworld (Seed: -256361760893336266)
[14:19:46] [Server thread/INFO]: Preparing spawn area: 4%
[14:19:46] [Server thread/INFO]: Preparing spawn area: 8%
[14:19:46] [Server thread/INFO]: Preparing spawn area: 12%
[14:19:46] [Server thread/INFO]: Preparing spawn area: 16%
[14:19:46] [Server thread/INFO]: Preparing spawn area: 20%
[14:19:46] [Server thread/INFO]: Preparing spawn area: 24%
[14:19:46] [Server thread/INFO]: Preparing spawn area: 28%
[14:19:46] [Server thread/INFO]: Preparing spawn area: 32%
[14:19:46] [Server thread/INFO]: Preparing spawn area: 36%
[14:19:46] [Server thread/INFO]: Preparing spawn area: 40%
[14:19:46] [Server thread/INFO]: Preparing spawn area: 44%
[14:19:46] [Server thread/INFO]: Preparing spawn area: 48%
[14:19:46] [Server thread/INFO]: Preparing spawn area: 52%
[14:19:46] [Server thread/INFO]: Preparing spawn area: 56%
[14:19:46] [Server thread/INFO]: Preparing spawn area: 60%
[14:19:46] [Server thread/INFO]: Preparing spawn area: 64%
[14:19:46] [Server thread/INFO]: Preparing spawn area: 68%
[14:19:46] [Server thread/INFO]: Preparing spawn area: 72%
[14:19:46] [Server thread/INFO]: Preparing spawn area: 76%
[14:19:46] [Server thread/INFO]: Preparing spawn area: 80%
[14:19:46] [Server thread/INFO]: Preparing spawn area: 84%
[14:19:46] [Server thread/INFO]: Preparing spawn area: 88%
[14:19:46] [Server thread/INFO]: Preparing spawn area: 92%
[14:19:46] [Server thread/INFO]: Preparing spawn area: 96%
[14:19:46] [Server thread/INFO]: Preparing spawn area: 100%
[14:19:46] [Server thread/INFO]: Time elapsed: 519 ms
[14:19:46] [Server thread/INFO]: [FastAsyncWorldEdit] Enabling FastAsyncWorldEdit v1.14
[14:19:46] [Server thread/INFO]: [LightCleaner] Enabling LightCleaner v1.13.2-v1-SNAPSHOT
[14:19:46] [Server thread/INFO]: [LightCleaner] LightCleaner version 1.13.2-v1-SNAPSHOT enabled! (0.068s)
[14:19:46] [Server thread/INFO]: [Spiritcraft] Enabling Spiritcraft v1.0.0
[14:19:46] [Server thread/INFO]: Preparing start region for level 1 (Seed: 4053682364279397283)
[14:19:47] [Server thread/INFO]: ComplexRoundWorldData loaded
[14:19:48] [Server thread/INFO]: Server permissions file permissions.yml is empty, ignoring it
[14:19:48] [Server thread/INFO]: Done (4.696s)! For help, type "help"
[14:20:41] [User Authenticator #1/INFO]: UUID of player Kabryxis is 4e1c2fb7-27a0-3025-bbee-7d9f605c06a0
[14:20:42] [Server thread/INFO]: Kabryxis[/127.0.0.1:54597] logged in with entity id 0 at ([spirit_lobby]0.5, 20.0, 0.5)
[14:20:54] [Server thread/INFO]: fire_breath called: canPerform
[14:20:54] [Server thread/INFO]: smoke called: canPerform
[14:20:54] [Server thread/INFO]: smoke called: perform
[14:20:54] [Server thread/INFO]: flashbang called: canPerform
[14:20:54] [Server thread/INFO]: break_blocks called: canPerform
[14:20:54] [Server thread/INFO]: distract called: canPerform
[14:20:54] [Server thread/INFO]: stab called: canPerform
[14:20:54] [Server thread/INFO]: trailing_arrow called: canPerform
[14:20:54] [Server thread/INFO]: ghost_grenade called: canPerform
[14:25:50] [Server thread/INFO]: ComplexRoundWorldData loaded
[14:25:50] [Server thread/ERROR]: Block at -5,8,40 is Block{minecraft:hopper} but has null. Bukkit will attempt to fix this, but there may be additional damage that we cannot recover.
[14:25:50] [Server thread/ERROR]: Block at -2,8,40 is Block{minecraft:furnace} but has null. Bukkit will attempt to fix this, but there may be additional damage that we cannot recover.
[14:25:50] [Server thread/ERROR]: Block at -1,8,40 is Block{minecraft:red_bed} but has null. Bukkit will attempt to fix this, but there may be additional damage that we cannot recover.
[14:25:50] [Server thread/ERROR]: Block at -7,8,41 is Block{minecraft:furnace} but has null. Bukkit will attempt to fix this, but there may be additional damage that we cannot recover.
[14:25:50] [Server thread/ERROR]: Block at -1,8,41 is Block{minecraft:red_bed} but has null. Bukkit will attempt to fix this, but there may be additional damage that we cannot recover.
[14:25:50] [Server thread/ERROR]: Block at -4,8,42 is Block{minecraft:hopper} but has null. Bukkit will attempt to fix this, but there may be additional damage that we cannot recover.
[14:25:50] [Server thread/ERROR]: Block at -3,8,42 is Block{minecraft:dispenser} but has null. Bukkit will attempt to fix this, but there may be additional damage that we cannot recover.
[14:25:50] [Server thread/ERROR]: Block at -1,8,42 is Block{minecraft:sign} but has null. Bukkit will attempt to fix this, but there may be additional damage that we cannot recover.
[14:25:50] [Server thread/ERROR]: Block at -4,8,43 is Block{minecraft:red_bed} but has null. Bukkit will attempt to fix this, but there may be additional damage that we cannot recover.
[14:25:50] [Server thread/ERROR]: Block at -3,8,43 is Block{minecraft:sign} but has null. Bukkit will attempt to fix this, but there may be additional damage that we cannot recover.
[14:25:50] [Server thread/ERROR]: Block at -4,8,44 is Block{minecraft:red_bed} but has null. Bukkit will attempt to fix this, but there may be additional damage that we cannot recover.
[14:25:50] [Server thread/ERROR]: Block at -3,8,44 is Block{minecraft:white_banner} but has null. Bukkit will attempt to fix this, but there may be additional damage that we cannot recover.
[14:25:50] [Server thread/ERROR]: Block at -4,8,45 is Block{minecraft:jukebox} but has null. Bukkit will attempt to fix this, but there may be additional damage that we cannot recover.
[14:25:50] [Server thread/ERROR]: Block at -7,8,46 is Block{minecraft:chest} but has null. Bukkit will attempt to fix this, but there may be additional damage that we cannot recover.
[14:25:50] [Server thread/ERROR]: Block at -2,9,40 is Block{minecraft:chest} but has null. Bukkit will attempt to fix this, but there may be additional damage that we cannot recover.
[14:25:50] [Server thread/ERROR]: Block at -7,9,42 is Block{minecraft:chest} but has null. Bukkit will attempt to fix this, but there may be additional damage that we cannot recover.
[14:25:50] [Server thread/ERROR]: Block at -4,9,45 is Block{minecraft:jukebox} but has null. Bukkit will attempt to fix this, but there may be additional damage that we cannot recover.
[14:25:50] [Server thread/ERROR]: Block at -1,9,45 is Block{minecraft:furnace} but has null. Bukkit will attempt to fix this, but there may be additional damage that we cannot recover.
[14:25:50] [Server thread/ERROR]: Block at -3,9,47 is Block{minecraft:black_banner} but has null. Bukkit will attempt to fix this, but there may be additional damage that we cannot recover.
[14:25:50] [Server thread/ERROR]: Block at -6,15,33 is Block{minecraft:wall_sign} but has null. Bukkit will attempt to fix this, but there may be additional damage that we cannot recover.
[14:25:50] [Server thread/ERROR]: Block at -2,15,33 is Block{minecraft:wall_sign} but has null. Bukkit will attempt to fix this, but there may be additional damage that we cannot recover.
[14:25:50] [Server thread/ERROR]: Block at -7,15,42 is Block{minecraft:chest} but has null. Bukkit will attempt to fix this, but there may be additional damage that we cannot recover.
[14:25:50] [Server thread/ERROR]: Block at -6,15,42 is Block{minecraft:chest} but has null. Bukkit will attempt to fix this, but there may be additional damage that we cannot recover.
[14:25:50] [Server thread/ERROR]: Block at -4,15,42 is Block{minecraft:chest} but has null. Bukkit will attempt to fix this, but there may be additional damage that we cannot recover.
[14:25:50] [Server thread/ERROR]: Block at -3,15,42 is Block{minecraft:chest} but has null. Bukkit will attempt to fix this, but there may be additional damage that we cannot recover.
[14:25:50] [Server thread/ERROR]: Block at -8,15,45 is Block{minecraft:furnace} but has null. Bukkit will attempt to fix this, but there may be additional damage that we cannot recover.
[14:25:50] [Server thread/ERROR]: Block at -8,15,46 is Block{minecraft:furnace} but has null. Bukkit will attempt to fix this, but there may be additional damage that we cannot recover.
[14:25:50] [Server thread/ERROR]: Block at -8,16,45 is Block{minecraft:furnace} but has null. Bukkit will attempt to fix this, but there may be additional damage that we cannot recover.
[14:25:50] [Server thread/ERROR]: Block at -8,16,46 is Block{minecraft:furnace} but has null. Bukkit will attempt to fix this, but there may be additional damage that we cannot recover.
[14:25:50] [Server thread/ERROR]: Block at 1,8,40 is Block{minecraft:red_bed} but has null. Bukkit will attempt to fix this, but there may be additional damage that we cannot recover.
[14:25:50] [Server thread/ERROR]: Block at 2,8,40 is Block{minecraft:furnace} but has null. Bukkit will attempt to fix this, but there may be additional damage that we cannot recover.
[14:25:50] [Server thread/ERROR]: Block at 5,8,40 is Block{minecraft:hopper} but has null. Bukkit will attempt to fix this, but there may be additional damage that we cannot recover.
[14:25:50] [Server thread/ERROR]: Block at 1,8,41 is Block{minecraft:red_bed} but has null. Bukkit will attempt to fix this, but there may be additional damage that we cannot recover.
[14:25:50] [Server thread/ERROR]: Block at 7,8,41 is Block{minecraft:furnace} but has null. Bukkit will attempt to fix this, but there may be additional damage that we cannot recover.
[14:25:50] [Server thread/ERROR]: Block at 1,8,42 is Block{minecraft:sign} but has null. Bukkit will attempt to fix this, but there may be additional damage that we cannot recover.
[14:25:50] [Server thread/ERROR]: Block at 3,8,42 is Block{minecraft:dispenser} but has null. Bukkit will attempt to fix this, but there may be additional damage that we cannot recover.
[14:25:50] [Server thread/ERROR]: Block at 4,8,42 is Block{minecraft:hopper} but has null. Bukkit will attempt to fix this, but there may be additional damage that we cannot recover.
[14:25:50] [Server thread/ERROR]: Block at 3,8,43 is Block{minecraft:sign} but has null. Bukkit will attempt to fix this, but there may be additional damage that we cannot recover.
[14:25:50] [Server thread/ERROR]: Block at 4,8,43 is Block{minecraft:red_bed} but has null. Bukkit will attempt to fix this, but there may be additional damage that we cannot recover.
[14:25:50] [Server thread/ERROR]: Block at 3,8,44 is Block{minecraft:white_banner} but has null. Bukkit will attempt to fix this, but there may be additional damage that we cannot recover.
[14:25:50] [Server thread/ERROR]: Block at 4,8,44 is Block{minecraft:red_bed} but has null. Bukkit will attempt to fix this, but there may be additional damage that we cannot recover.
[14:25:50] [Server thread/ERROR]: Block at 4,8,45 is Block{minecraft:jukebox} but has null. Bukkit will attempt to fix this, but there may be additional damage that we cannot recover.
[14:25:50] [Server thread/ERROR]: Block at 7,8,46 is Block{minecraft:chest} but has null. Bukkit will attempt to fix this, but there may be additional damage that we cannot recover.
[14:25:50] [Server thread/ERROR]: Block at 2,9,40 is Block{minecraft:chest} but has null. Bukkit will attempt to fix this, but there may be additional damage that we cannot recover.
[14:25:50] [Server thread/ERROR]: Block at 7,9,42 is Block{minecraft:chest} but has null. Bukkit will attempt to fix this, but there may be additional damage that we cannot recover.
[14:25:50] [Server thread/ERROR]: Block at 1,9,45 is Block{minecraft:furnace} but has null. Bukkit will attempt to fix this, but there may be additional damage that we cannot recover.
[14:25:50] [Server thread/ERROR]: Block at 4,9,45 is Block{minecraft:jukebox} but has null. Bukkit will attempt to fix this, but there may be additional damage that we cannot recover.
[14:25:50] [Server thread/ERROR]: Block at 3,9,47 is Block{minecraft:black_banner} but has null. Bukkit will attempt to fix this, but there may be additional damage that we cannot recover.
[14:25:50] [Server thread/ERROR]: Block at 2,15,33 is Block{minecraft:wall_sign} but has null. Bukkit will attempt to fix this, but there may be additional damage that we cannot recover.
[14:25:50] [Server thread/ERROR]: Block at 6,15,33 is Block{minecraft:wall_sign} but has null. Bukkit will attempt to fix this, but there may be additional damage that we cannot recover.
[14:25:50] [Server thread/ERROR]: Block at 3,15,42 is Block{minecraft:chest} but has null. Bukkit will attempt to fix this, but there may be additional damage that we cannot recover.
[14:25:50] [Server thread/ERROR]: Block at 4,15,42 is Block{minecraft:chest} but has null. Bukkit will attempt to fix this, but there may be additional damage that we cannot recover.
[14:25:50] [Server thread/ERROR]: Block at 6,15,42 is Block{minecraft:chest} but has null. Bukkit will attempt to fix this, but there may be additional damage that we cannot recover.
[14:25:50] [Server thread/ERROR]: Block at 7,15,42 is Block{minecraft:chest} but has null. Bukkit will attempt to fix this, but there may be additional damage that we cannot recover.
[14:25:50] [Server thread/ERROR]: Block at 8,15,45 is Block{minecraft:furnace} but has null. Bukkit will attempt to fix this, but there may be additional damage that we cannot recover.
[14:25:50] [Server thread/ERROR]: Block at 8,15,46 is Block{minecraft:furnace} but has null. Bukkit will attempt to fix this, but there may be additional damage that we cannot recover.
[14:25:50] [Server thread/ERROR]: Block at 8,16,45 is Block{minecraft:furnace} but has null. Bukkit will attempt to fix this, but there may be additional damage that we cannot recover.
[14:25:50] [Server thread/ERROR]: Block at 8,16,46 is Block{minecraft:furnace} but has null. Bukkit will attempt to fix this, but there may be additional damage that we cannot recover.
[14:25:50] [Server thread/ERROR]: Block at -7,8,56 is Block{minecraft:chest} but has null. Bukkit will attempt to fix this, but there may be additional damage that we cannot recover.
[14:25:50] [Server thread/ERROR]: Block at -4,8,57 is Block{minecraft:jukebox} but has null. Bukkit will attempt to fix this, but there may be additional damage that we cannot recover.
[14:25:50] [Server thread/ERROR]: Block at -4,8,58 is Block{minecraft:red_bed} but has null. Bukkit will attempt to fix this, but there may be additional damage that we cannot recover.
[14:25:50] [Server thread/ERROR]: Block at -3,8,58 is Block{minecraft:white_banner} but has null. Bukkit will attempt to fix this, but there may be additional damage that we cannot recover.
[14:25:50] [Server thread/ERROR]: Block at -4,8,59 is Block{minecraft:red_bed} but has null. Bukkit will attempt to fix this, but there may be additional damage that we cannot recover.
[14:25:50] [Server thread/ERROR]: Block at -3,8,59 is Block{minecraft:sign} but has null. Bukkit will attempt to fix this, but there may be additional damage that we cannot recover.
[14:25:50] [Server thread/ERROR]: Block at -4,8,60 is Block{minecraft:hopper} but has null. Bukkit will attempt to fix this, but there may be additional damage that we cannot recover.
[14:25:50] [Server thread/ERROR]: Block at -3,8,60 is Block{minecraft:dispenser} but has null. Bukkit will attempt to fix this, but there may be additional damage that we cannot recover.
[14:25:50] [Server thread/ERROR]: Block at -1,8,60 is Block{minecraft:sign} but has null. Bukkit will attempt to fix this, but there may be additional damage that we cannot recover.
[14:25:50] [Server thread/ERROR]: Block at -7,8,61 is Block{minecraft:furnace} but has null. Bukkit will attempt to fix this, but there may be additional damage that we cannot recover.
[14:25:50] [Server thread/ERROR]: Block at -1,8,61 is Block{minecraft:red_bed} but has null. Bukkit will attempt to fix this, but there may be additional damage that we cannot recover.
[14:25:50] [Server thread/ERROR]: Block at -5,8,62 is Block{minecraft:hopper} but has null. Bukkit will attempt to fix this, but there may be additional damage that we cannot recover.
[14:25:50] [Server thread/ERROR]: Block at -2,8,62 is Block{minecraft:furnace} but has null. Bukkit will attempt to fix this, but there may be additional damage that we cannot recover.
[14:25:50] [Server thread/ERROR]: Block at -1,8,62 is Block{minecraft:red_bed} but has null. Bukkit will attempt to fix this, but there may be additional damage that we cannot recover.
[14:25:50] [Server thread/ERROR]: Block at -3,9,55 is Block{minecraft:black_banner} but has null. Bukkit will attempt to fix this, but there may be additional damage that we cannot recover.
[14:25:50] [Server thread/ERROR]: Block at -4,9,57 is Block{minecraft:jukebox} but has null. Bukkit will attempt to fix this, but there may be additional damage that we cannot recover.
[14:25:50] [Server thread/ERROR]: Block at -1,9,57 is Block{minecraft:furnace} but has null. Bukkit will attempt to fix this, but there may be additional damage that we cannot recover.
[14:25:50] [Server thread/ERROR]: Block at -7,9,60 is Block{minecraft:chest} but has null. Bukkit will attempt to fix this, but there may be additional damage that we cannot recover.
[14:25:50] [Server thread/ERROR]: Block at -2,9,62 is Block{minecraft:chest} but has null. Bukkit will attempt to fix this, but there may be additional damage that we cannot recover.
[14:25:50] [Server thread/ERROR]: Block at 7,8,56 is Block{minecraft:chest} but has null. Bukkit will attempt to fix this, but there may be additional damage that we cannot recover.
[14:25:50] [Server thread/ERROR]: Block at 4,8,57 is Block{minecraft:jukebox} but has null. Bukkit will attempt to fix this, but there may be additional damage that we cannot recover.
[14:25:50] [Server thread/ERROR]: Block at 3,8,58 is Block{minecraft:white_banner} but has null. Bukkit will attempt to fix this, but there may be additional damage that we cannot recover.
[14:25:50] [Server thread/ERROR]: Block at 4,8,58 is Block{minecraft:red_bed} but has null. Bukkit will attempt to fix this, but there may be additional damage that we cannot recover.
[14:25:50] [Server thread/ERROR]: Block at 3,8,59 is Block{minecraft:sign} but has null. Bukkit will attempt to fix this, but there may be additional damage that we cannot recover.
[14:25:50] [Server thread/ERROR]: Block at 4,8,59 is Block{minecraft:red_bed} but has null. Bukkit will attempt to fix this, but there may be additional damage that we cannot recover.
[14:25:50] [Server thread/ERROR]: Block at 1,8,60 is Block{minecraft:sign} but has null. Bukkit will attempt to fix this, but there may be additional damage that we cannot recover.
[14:25:50] [Server thread/ERROR]: Block at 3,8,60 is Block{minecraft:dispenser} but has null. Bukkit will attempt to fix this, but there may be additional damage that we cannot recover.
[14:25:50] [Server thread/ERROR]: Block at 4,8,60 is Block{minecraft:hopper} but has null. Bukkit will attempt to fix this, but there may be additional damage that we cannot recover.
[14:25:50] [Server thread/ERROR]: Block at 1,8,61 is Block{minecraft:red_bed} but has null. Bukkit will attempt to fix this, but there may be additional damage that we cannot recover.
[14:25:50] [Server thread/ERROR]: Block at 7,8,61 is Block{minecraft:furnace} but has null. Bukkit will attempt to fix this, but there may be additional damage that we cannot recover.
[14:25:50] [Server thread/ERROR]: Block at 1,8,62 is Block{minecraft:red_bed} but has null. Bukkit will attempt to fix this, but there may be additional damage that we cannot recover.
[14:25:50] [Server thread/ERROR]: Block at 2,8,62 is Block{minecraft:furnace} but has null. Bukkit will attempt to fix this, but there may be additional damage that we cannot recover.
[14:25:50] [Server thread/ERROR]: Block at 5,8,62 is Block{minecraft:hopper} but has null. Bukkit will attempt to fix this, but there may be additional damage that we cannot recover.
[14:25:50] [Server thread/ERROR]: Block at 3,9,55 is Block{minecraft:black_banner} but has null. Bukkit will attempt to fix this, but there may be additional damage that we cannot recover.
[14:25:50] [Server thread/ERROR]: Block at 1,9,57 is Block{minecraft:furnace} but has null. Bukkit will attempt to fix this, but there may be additional damage that we cannot recover.
[14:25:50] [Server thread/ERROR]: Block at 4,9,57 is Block{minecraft:jukebox} but has null. Bukkit will attempt to fix this, but there may be additional damage that we cannot recover.
[14:25:50] [Server thread/ERROR]: Block at 7,9,60 is Block{minecraft:chest} but has null. Bukkit will attempt to fix this, but there may be additional damage that we cannot recover.
[14:25:50] [Server thread/ERROR]: Block at 2,9,62 is Block{minecraft:chest} but has null. Bukkit will attempt to fix this, but there may be additional damage that we cannot recover.
[14:25:50] [Server thread/ERROR]: Block at -18,15,-10 is Block{minecraft:wall_sign} but has null. Bukkit will attempt to fix this, but there may be additional damage that we cannot recover.
[14:25:50] [Server thread/ERROR]: Block at -19,15,-9 is Block{minecraft:wall_sign} but has null. Bukkit will attempt to fix this, but there may be additional damage that we cannot recover.
[14:25:50] [Server thread/ERROR]: Block at -19,15,-7 is Block{minecraft:wall_sign} but has null. Bukkit will attempt to fix this, but there may be additional damage that we cannot recover.
[14:25:50] [Server thread/ERROR]: Block at -18,15,-6 is Block{minecraft:wall_sign} but has null. Bukkit will attempt to fix this, but there may be additional damage that we cannot recover.
[14:25:50] [Server thread/ERROR]: Block at -19,20,-11 is Block{minecraft:wall_sign} but has null. Bukkit will attempt to fix this, but there may be additional damage that we cannot recover.
[14:25:50] [Server thread/ERROR]: Block at -19,20,-9 is Block{minecraft:wall_sign} but has null. Bukkit will attempt to fix this, but there may be additional damage that we cannot recover.
[14:25:50] [Server thread/ERROR]: Block at -19,20,-8 is Block{minecraft:wall_sign} but has null. Bukkit will attempt to fix this, but there may be additional damage that we cannot recover.
[14:25:50] [Server thread/ERROR]: Block at -19,20,-6 is Block{minecraft:wall_sign} but has null. Bukkit will attempt to fix this, but there may be additional damage that we cannot recover.
[14:25:50] [Server thread/ERROR]: Block at -18,20,-5 is Block{minecraft:wall_sign} but has null. Bukkit will attempt to fix this, but there may be additional damage that we cannot recover.
[14:25:50] [Server thread/ERROR]: Block at -15,15,-9 is Block{minecraft:wall_sign} but has null. Bukkit will attempt to fix this, but there may be additional damage that we cannot recover.
[14:25:50] [Server thread/ERROR]: Block at -15,15,-7 is Block{minecraft:wall_sign} but has null. Bukkit will attempt to fix this, but there may be additional damage that we cannot recover.
[14:25:50] [Server thread/ERROR]: Block at -15,20,-11 is Block{minecraft:wall_sign} but has null. Bukkit will attempt to fix this, but there may be additional damage that we cannot recover.
[14:25:50] [Server thread/ERROR]: Block at -15,20,-9 is Block{minecraft:wall_sign} but has null. Bukkit will attempt to fix this, but there may be additional damage that we cannot recover.
[14:25:50] [Server thread/ERROR]: Block at -15,20,-8 is Block{minecraft:wall_sign} but has null. Bukkit will attempt to fix this, but there may be additional damage that we cannot recover.
[14:25:50] [Server thread/ERROR]: Block at -15,20,-6 is Block{minecraft:wall_sign} but has null. Bukkit will attempt to fix this, but there may be additional damage that we cannot recover.
[14:25:50] [Server thread/ERROR]: Block at 15,15,-9 is Block{minecraft:wall_sign} but has null. Bukkit will attempt to fix this, but there may be additional damage that we cannot recover.
[14:25:50] [Server thread/ERROR]: Block at 15,15,-7 is Block{minecraft:wall_sign} but has null. Bukkit will attempt to fix this, but there may be additional damage that we cannot recover.
[14:25:50] [Server thread/ERROR]: Block at 15,20,-11 is Block{minecraft:wall_sign} but has null. Bukkit will attempt to fix this, but there may be additional damage that we cannot recover.
[14:25:50] [Server thread/ERROR]: Block at 15,20,-9 is Block{minecraft:wall_sign} but has null. Bukkit will attempt to fix this, but there may be additional damage that we cannot recover.
[14:25:50] [Server thread/ERROR]: Block at 15,20,-8 is Block{minecraft:wall_sign} but has null. Bukkit will attempt to fix this, but there may be additional damage that we cannot recover.
[14:25:50] [Server thread/ERROR]: Block at 15,20,-6 is Block{minecraft:wall_sign} but has null. Bukkit will attempt to fix this, but there may be additional damage that we cannot recover.
[14:25:50] [Server thread/ERROR]: Block at 16,15,-10 is Block{minecraft:wall_sign} but has null. Bukkit will attempt to fix this, but there may be additional damage that we cannot recover.
[14:25:50] [Server thread/ERROR]: Block at 19,15,-9 is Block{minecraft:wall_sign} but has null. Bukkit will attempt to fix this, but there may be additional damage that we cannot recover.
[14:25:50] [Server thread/ERROR]: Block at 19,15,-7 is Block{minecraft:wall_sign} but has null. Bukkit will attempt to fix this, but there may be additional damage that we cannot recover.
[14:25:50] [Server thread/ERROR]: Block at 16,15,-6 is Block{minecraft:wall_sign} but has null. Bukkit will attempt to fix this, but there may be additional damage that we cannot recover.
[14:25:50] [Server thread/ERROR]: Block at 19,20,-11 is Block{minecraft:wall_sign} but has null. Bukkit will attempt to fix this, but there may be additional damage that we cannot recover.
[14:25:50] [Server thread/ERROR]: Block at 19,20,-9 is Block{minecraft:wall_sign} but has null. Bukkit will attempt to fix this, but there may be additional damage that we cannot recover.
[14:25:50] [Server thread/ERROR]: Block at 19,20,-8 is Block{minecraft:wall_sign} but has null. Bukkit will attempt to fix this, but there may be additional damage that we cannot recover.
[14:25:50] [Server thread/ERROR]: Block at 19,20,-6 is Block{minecraft:wall_sign} but has null. Bukkit will attempt to fix this, but there may be additional damage that we cannot recover.
[14:25:50] [Server thread/ERROR]: Block at 16,20,-5 is Block{minecraft:wall_sign} but has null. Bukkit will attempt to fix this, but there may be additional damage that we cannot recover.
[14:25:50] [Server thread/ERROR]: Block at -6,15,15 is Block{minecraft:wall_sign} but has null. Bukkit will attempt to fix this, but there may be additional damage that we cannot recover.
[14:25:50] [Server thread/ERROR]: Block at -2,15,15 is Block{minecraft:wall_sign} but has null. Bukkit will attempt to fix this, but there may be additional damage that we cannot recover.
[14:25:50] [Server thread/ERROR]: Block at 2,15,15 is Block{minecraft:wall_sign} but has null. Bukkit will attempt to fix this, but there may be additional damage that we cannot recover.
[14:25:50] [Server thread/ERROR]: Block at 6,15,15 is Block{minecraft:wall_sign} but has null. Bukkit will attempt to fix this, but there may be additional damage that we cannot recover.
[14:25:50] [Server thread/ERROR]: Block at -6,15,17 is Block{minecraft:wall_sign} but has null. Bukkit will attempt to fix this, but there may be additional damage that we cannot recover.
[14:25:50] [Server thread/ERROR]: Block at -2,15,17 is Block{minecraft:wall_sign} but has null. Bukkit will attempt to fix this, but there may be additional damage that we cannot recover.
[14:25:50] [Server thread/ERROR]: Block at -6,15,19 is Block{minecraft:wall_sign} but has null. Bukkit will attempt to fix this, but there may be additional damage that we cannot recover.
[14:25:50] [Server thread/ERROR]: Block at -2,15,19 is Block{minecraft:wall_sign} but has null. Bukkit will attempt to fix this, but there may be additional damage that we cannot recover.
[14:25:50] [Server thread/ERROR]: Block at -6,15,21 is Block{minecraft:wall_sign} but has null. Bukkit will attempt to fix this, but there may be additional damage that we cannot recover.
[14:25:50] [Server thread/ERROR]: Block at -2,15,21 is Block{minecraft:wall_sign} but has null. Bukkit will attempt to fix this, but there may be additional damage that we cannot recover.
[14:25:50] [Server thread/ERROR]: Block at -6,15,23 is Block{minecraft:wall_sign} but has null. Bukkit will attempt to fix this, but there may be additional damage that we cannot recover.
[14:25:50] [Server thread/ERROR]: Block at -2,15,23 is Block{minecraft:wall_sign} but has null. Bukkit will attempt to fix this, but there may be additional damage that we cannot recover.
[14:25:50] [Server thread/ERROR]: Block at -6,15,25 is Block{minecraft:wall_sign} but has null. Bukkit will attempt to fix this, but there may be additional damage that we cannot recover.
[14:25:50] [Server thread/ERROR]: Block at -2,15,25 is Block{minecraft:wall_sign} but has null. Bukkit will attempt to fix this, but there may be additional damage that we cannot recover.
[14:25:50] [Server thread/ERROR]: Block at -6,15,27 is Block{minecraft:wall_sign} but has null. Bukkit will attempt to fix this, but there may be additional damage that we cannot recover.
[14:25:50] [Server thread/ERROR]: Block at -2,15,27 is Block{minecraft:wall_sign} but has null. Bukkit will attempt to fix this, but there may be additional damage that we cannot recover.
[14:25:50] [Server thread/ERROR]: Block at -6,15,29 is Block{minecraft:wall_sign} but has null. Bukkit will attempt to fix this, but there may be additional damage that we cannot recover.
[14:25:50] [Server thread/ERROR]: Block at -2,15,29 is Block{minecraft:wall_sign} but has null. Bukkit will attempt to fix this, but there may be additional damage that we cannot recover.
[14:25:50] [Server thread/ERROR]: Block at -6,15,31 is Block{minecraft:wall_sign} but has null. Bukkit will attempt to fix this, but there may be additional damage that we cannot recover.
[14:25:50] [Server thread/ERROR]: Block at -2,15,31 is Block{minecraft:wall_sign} but has null. Bukkit will attempt to fix this, but there may be additional damage that we cannot recover.
[14:25:50] [Server thread/ERROR]: Block at 2,15,17 is Block{minecraft:wall_sign} but has null. Bukkit will attempt to fix this, but there may be additional damage that we cannot recover.
[14:25:50] [Server thread/ERROR]: Block at 6,15,17 is Block{minecraft:wall_sign} but has null. Bukkit will attempt to fix this, but there may be additional damage that we cannot recover.
[14:25:50] [Server thread/ERROR]: Block at 2,15,19 is Block{minecraft:wall_sign} but has null. Bukkit will attempt to fix this, but there may be additional damage that we cannot recover.
[14:25:50] [Server thread/ERROR]: Block at 6,15,19 is Block{minecraft:wall_sign} but has null. Bukkit will attempt to fix this, but there may be additional damage that we cannot recover.
[14:25:50] [Server thread/ERROR]: Block at 2,15,21 is Block{minecraft:wall_sign} but has null. Bukkit will attempt to fix this, but there may be additional damage that we cannot recover.
[14:25:50] [Server thread/ERROR]: Block at 6,15,21 is Block{minecraft:wall_sign} but has null. Bukkit will attempt to fix this, but there may be additional damage that we cannot recover.
[14:25:50] [Server thread/ERROR]: Block at 2,15,23 is Block{minecraft:wall_sign} but has null. Bukkit will attempt to fix this, but there may be additional damage that we cannot recover.
[14:25:50] [Server thread/ERROR]: Block at 6,15,23 is Block{minecraft:wall_sign} but has null. Bukkit will attempt to fix this, but there may be additional damage that we cannot recover.
[14:25:50] [Server thread/ERROR]: Block at 2,15,25 is Block{minecraft:wall_sign} but has null. Bukkit will attempt to fix this, but there may be additional damage that we cannot recover.
[14:25:50] [Server thread/ERROR]: Block at 6,15,25 is Block{minecraft:wall_sign} but has null. Bukkit will attempt to fix this, but there may be additional damage that we cannot recover.
[14:25:50] [Server thread/ERROR]: Block at 2,15,27 is Block{minecraft:wall_sign} but has null. Bukkit will attempt to fix this, but there may be additional damage that we cannot recover.
[14:25:50] [Server thread/ERROR]: Block at 6,15,27 is Block{minecraft:wall_sign} but has null. Bukkit will attempt to fix this, but there may be additional damage that we cannot recover.
[14:25:50] [Server thread/ERROR]: Block at 2,15,29 is Block{minecraft:wall_sign} but has null. Bukkit will attempt to fix this, but there may be additional damage that we cannot recover.
[14:25:50] [Server thread/ERROR]: Block at 6,15,29 is Block{minecraft:wall_sign} but has null. Bukkit will attempt to fix this, but there may be additional damage that we cannot recover.
[14:25:50] [Server thread/ERROR]: Block at 2,15,31 is Block{minecraft:wall_sign} but has null. Bukkit will attempt to fix this, but there may be additional damage that we cannot recover.
[14:25:50] [Server thread/ERROR]: Block at 6,15,31 is Block{minecraft:wall_sign} but has null. Bukkit will attempt to fix this, but there may be additional damage that we cannot recover.
[14:25:51] [Server thread/WARN]: [LightCleaner] Chunk was loaded sync instead of async, this might impact TPS negatively
[14:25:51] [Server thread/WARN]: [LightCleaner] Stack trace of callback
java.lang.IllegalStateException: null
	at com.bergerkiller.bukkit.lightcleaner.lighting.LightingTaskBatch$1$1.run(LightingTaskBatch.java:227) [LightCleaner-1.13.2-v1-SNAPSHOT.jar:?]
	at com.bergerkiller.bukkit.common.collections.RunnableConsumer.accept(RunnableConsumer.java:30) [BKCommonLib-1.13.2-v4-SNAPSHOT.jar:?]
	at net.minecraft.server.v1_13_R2.ChunkProviderServer.a(ChunkProviderServer.java:156) [server.jar:git-Spigot-1a3504a-84f3da3]
	at com.bergerkiller.mountiplex.reflection.util.fast.GeneratedCodeInvoker$mplgen44906a57.invoke(GeneratedCodeInvoker$mplgen44906a57.java) [?:?]
	at com.bergerkiller.mountiplex.reflection.util.FastMethod$FastMethodInitProxy.invoke(FastMethod.java:201) [BKCommonLib-1.13.2-v4-SNAPSHOT.jar:?]
	at com.bergerkiller.mountiplex.reflection.util.FastMethod.invoke(FastMethod.java:132) [BKCommonLib-1.13.2-v4-SNAPSHOT.jar:?]
	at com.bergerkiller.mountiplex.reflection.declarations.Template$Method.invoke(Template.java:1547) [BKCommonLib-1.13.2-v4-SNAPSHOT.jar:?]
	at com.bergerkiller.mountiplex.reflection.declarations.Template$Method$Converted.invoke(Template.java:1681) [BKCommonLib-1.13.2-v4-SNAPSHOT.jar:?]
	at com.bergerkiller.bukkit.common.utils.ChunkUtil.getChunkAsync(ChunkUtil.java:288) [BKCommonLib-1.13.2-v4-SNAPSHOT.jar:?]
	at com.bergerkiller.bukkit.lightcleaner.lighting.LightingTaskBatch$1.run(LightingTaskBatch.java:236) [LightCleaner-1.13.2-v1-SNAPSHOT.jar:?]
	at com.bergerkiller.bukkit.lightcleaner.lighting.LightingTaskBatch.syncTick(LightingTaskBatch.java:180) [LightCleaner-1.13.2-v1-SNAPSHOT.jar:?]
	at com.bergerkiller.bukkit.lightcleaner.lighting.LightingService$1.run(LightingService.java:66) [LightCleaner-1.13.2-v1-SNAPSHOT.jar:?]
	at org.bukkit.craftbukkit.v1_13_R2.scheduler.CraftTask.run(CraftTask.java:81) [server.jar:git-Spigot-1a3504a-84f3da3]
	at org.bukkit.craftbukkit.v1_13_R2.scheduler.CraftScheduler.mainThreadHeartbeat(CraftScheduler.java:392) [server.jar:git-Spigot-1a3504a-84f3da3]
	at net.minecraft.server.v1_13_R2.MinecraftServer.b(MinecraftServer.java:889) [server.jar:git-Spigot-1a3504a-84f3da3]
	at net.minecraft.server.v1_13_R2.DedicatedServer.b(DedicatedServer.java:417) [server.jar:git-Spigot-1a3504a-84f3da3]
	at net.minecraft.server.v1_13_R2.MinecraftServer.a(MinecraftServer.java:831) [server.jar:git-Spigot-1a3504a-84f3da3]
	at net.minecraft.server.v1_13_R2.MinecraftServer.run(MinecraftServer.java:729) [server.jar:git-Spigot-1a3504a-84f3da3]
	at java.lang.Thread.run(Thread.java:748) [?:1.8.0_231]
[14:26:09] [Server thread/INFO]: [Kabryxis: Stopping the server]
[14:26:09] [Server thread/INFO]: Stopping server
[14:26:09] [Server thread/INFO]: [Spiritcraft] Disabling Spiritcraft v1.0.0
